c:\users\himen\source\repos\consoleapplication2\consoleapplication2\x64\debug\binary image segmentaion.pch
c:\users\himen\source\repos\consoleapplication2\consoleapplication2\x64\debug\vc141.pdb
c:\users\himen\source\repos\consoleapplication2\consoleapplication2\x64\debug\vc141.idb
c:\users\himen\source\repos\consoleapplication2\consoleapplication2\x64\debug\pch.obj
c:\users\himen\source\repos\consoleapplication2\consoleapplication2\x64\debug\main.obj
c:\users\himen\source\repos\binary image segmentation\consoleapplication2\x64\debug\binary image segmentaion.pch
c:\users\himen\source\repos\binary image segmentation\consoleapplication2\x64\debug\vc141.pdb
c:\users\himen\source\repos\binary image segmentation\consoleapplication2\x64\debug\vc141.idb
c:\users\himen\source\repos\binary image segmentation\consoleapplication2\x64\debug\pch.obj
c:\users\himen\source\repos\binary image segmentation\consoleapplication2\x64\debug\main.obj
c:\users\himen\source\repos\consoleapplication2\x64\debug\binary image segmentaion.ilk
c:\users\himen\source\repos\consoleapplication2\x64\debug\binary image segmentaion.exe
c:\users\himen\source\repos\consoleapplication2\x64\debug\binary image segmentaion.pdb
c:\users\himen\source\repos\binary image segmentation\x64\debug\binary image segmentaion.exe
c:\users\himen\source\repos\binary image segmentation\x64\debug\binary image segmentaion.ilk
c:\users\himen\source\repos\binary image segmentation\x64\debug\binary image segmentaion.pdb
c:\users\himen\source\repos\binary-image-segmentation\consoleapplication2\x64\debug\main.obj
c:\users\himen\source\repos\binary-image-segmentation\consoleapplication2\x64\debug\pch.obj
c:\users\himen\source\repos\binary-image-segmentation\consoleapplication2\x64\debug\binary image segmentaion.pch
c:\users\himen\source\repos\binary-image-segmentation\consoleapplication2\x64\debug\vc141.idb
c:\users\himen\source\repos\binary-image-segmentation\consoleapplication2\x64\debug\vc141.pdb
c:\users\himen\source\repos\binary-image-segmentation\x64\debug\binary image segmentaion.pdb
c:\users\himen\source\repos\binary-image-segmentation\x64\debug\binary image segmentaion.exe
c:\users\himen\source\repos\binary-image-segmentation\x64\debug\binary image segmentaion.ilk
c:\users\himen\source\repos\binary-image-segmentation\consoleapplication2\x64\debug\binary i.682ef1a0.tlog\cl.command.1.tlog
c:\users\himen\source\repos\binary-image-segmentation\consoleapplication2\x64\debug\binary i.682ef1a0.tlog\cl.read.1.tlog
c:\users\himen\source\repos\binary-image-segmentation\consoleapplication2\x64\debug\binary i.682ef1a0.tlog\cl.write.1.tlog
c:\users\himen\source\repos\binary-image-segmentation\consoleapplication2\x64\debug\binary i.682ef1a0.tlog\link.command.1.tlog
c:\users\himen\source\repos\binary-image-segmentation\consoleapplication2\x64\debug\binary i.682ef1a0.tlog\link.read.1.tlog
c:\users\himen\source\repos\binary-image-segmentation\consoleapplication2\x64\debug\binary i.682ef1a0.tlog\link.write.1.tlog
